{
  "0 debug pnpm:scope": {
    "selected": 1
  },
  "1 error pnpm": {
    "code": "ELIFECYCLE",
    "errno": "ENOENT",
    "syscall": "spawn",
    "file": "sh",
    "pkgid": "kit-template-default@0.0.1",
    "stage": "dev",
    "script": "vite dev",
    "pkgname": "kit-template-default",
    "err": {
      "name": "pnpm",
      "message": "kit-template-default@0.0.1 dev: `vite dev`\nspawn ENOENT",
      "code": "ELIFECYCLE",
      "stack": "pnpm: kit-template-default@0.0.1 dev: `vite dev`\nspawn ENOENT\n    at ChildProcess.<anonymous> (/usr/local/lib/node_modules/pnpm/dist/pnpm.cjs:95169:22)\n    at ChildProcess.emit (node:events:511:28)\n    at maybeClose (node:internal/child_process:1098:16)\n    at ChildProcess._handle.onexit (node:internal/child_process:304:5)"
    }
  },
  "2 warn pnpm:global": " Local package.json exists, but node_modules missing, did you mean to install?"
}